<?xml version="1.0" encoding="UTF-8"?>
<!-- Generated by org.testng.reporters.JUnitReportReporter -->
<testsuite skipped="0" hostname="lenovo" name="AnnotationsDemo.TestAnnotationsPratice" tests="2" failures="0" timestamp="26 Jan 2020 15:06:17 GMT" time="0.019" errors="0">
  <testcase name="m2" time="0.016" classname="AnnotationsDemo.TestAnnotationsPratice"/>
  <testcase name="m1" time="0.003" classname="AnnotationsDemo.TestAnnotationsPratice"/>
</testsuite> <!-- AnnotationsDemo.TestAnnotationsPratice -->
